Traceback (most recent call last):
  File "/home/runner/work/T4AJuliaTutorials/T4AJuliaTutorials/.CondaPkg/env/lib/python3.12/site-packages/jupyter_cache/executors/utils.py", line 58, in single_nb_execution
    executenb(
  File "/home/runner/work/T4AJuliaTutorials/T4AJuliaTutorials/.CondaPkg/env/lib/python3.12/site-packages/nbclient/client.py", line 1314, in execute
    return NotebookClient(nb=nb, resources=resources, km=km, **kwargs).execute()
           ^^^^^^^^^^^^^^^^^^^^^^^^^^^^^^^^^^^^^^^^^^^^^^^^^^^^^^^^^^^^^^^^^^^^^
  File "/home/runner/work/T4AJuliaTutorials/T4AJuliaTutorials/.CondaPkg/env/lib/python3.12/site-packages/jupyter_core/utils/__init__.py", line 165, in wrapped
    return loop.run_until_complete(inner)
           ^^^^^^^^^^^^^^^^^^^^^^^^^^^^^^
  File "/home/runner/work/T4AJuliaTutorials/T4AJuliaTutorials/.CondaPkg/env/lib/python3.12/asyncio/base_events.py", line 687, in run_until_complete
    return future.result()
           ^^^^^^^^^^^^^^^
  File "/home/runner/work/T4AJuliaTutorials/T4AJuliaTutorials/.CondaPkg/env/lib/python3.12/site-packages/nbclient/client.py", line 709, in async_execute
    await self.async_execute_cell(
  File "/home/runner/work/T4AJuliaTutorials/T4AJuliaTutorials/.CondaPkg/env/lib/python3.12/site-packages/nbclient/client.py", line 1062, in async_execute_cell
    await self._check_raise_for_error(cell, cell_index, exec_reply)
  File "/home/runner/work/T4AJuliaTutorials/T4AJuliaTutorials/.CondaPkg/env/lib/python3.12/site-packages/nbclient/client.py", line 918, in _check_raise_for_error
    raise CellExecutionError.from_cell_and_msg(cell, exec_reply_content)
nbclient.exceptions.CellExecutionError: An error occurred while executing the following cell:
------------------
# Construct QTT representation of T_{km}
fouriertt = quanticsfouriermpo(R; sign=1.0, normalize=true)

# Apply T_{km} to the QTT representation of f(x)
sitedims = [[2,1] for _ in 1:R]
ftt = TCI.TensorTrain(qtci.tci)
hftt = TCI.contract(fouriertt, ftt; algorithm=:naive, tolerance=1e-8)

hftt *= 1/sqrt(2)^R

@show hftt
;
------------------


MethodError: no method matching contract(::TensorCrossInterpolation.TensorTrain{ComplexF64, 4}, ::TensorCrossInterpolation.TensorTrain{Float64, 3}; algorithm::Symbol, tolerance::Float64)

[0mClosest candidates are:
[0m  contract(::TensorCrossInterpolation.TensorTrain{V, 4}, [91m::Union{TensorCrossInterpolation.TensorCI1{V}, TensorCrossInterpolation.TensorCI2{V}, TensorCrossInterpolation.TensorTrain{V, 3}}[39m; kwargs...) where V
[0m[90m   @[39m [35mTensorCrossInterpolation[39m [90m~/.julia/packages/TensorCrossInterpolation/hDtWQ/src/[39m[90m[4mcontraction.jl:550[24m[39m
[0m  contract(::TensorCrossInterpolation.TensorTrain{ValueType, 4}, [91m::TensorCrossInterpolation.TensorTrain{ValueType, 4}[39m; algorithm, tolerance, maxbonddim, f, kwargs...) where ValueType
[0m[90m   @[39m [35mTensorCrossInterpolation[39m [90m~/.julia/packages/TensorCrossInterpolation/hDtWQ/src/[39m[90m[4mcontraction.jl:515[24m[39m


Stacktrace:
 [1] top-level scope
   @ In[5]:7

